============================= test session starts =============================
platform win32 -- Python 3.14.3, pytest-9.0.2, pluggy-1.6.0 -- C:\Users\Sergey\AppData\Local\Python\pythoncore-3.14-64\python.exe
cachedir: .pytest_cache
rootdir: C:\Projects\Alfred
configfile: pyproject.toml
plugins: anyio-4.12.1, base-url-2.1.0, playwright-0.7.2
collecting ... collected 6 items

dev/QA/Backend/Performance/test_query_benchmarks.py::TestQueryBenchmarks::test_leaderboard_query_performance FAILED [ 16%]
dev/QA/Backend/Performance/test_query_benchmarks.py::TestQueryBenchmarks::test_transfer_history_query_performance PASSED [ 33%]
dev/QA/Backend/Performance/test_query_benchmarks.py::TestQueryBenchmarks::test_user_usage_stats_query_performance PASSED [ 50%]
dev/QA/Backend/Performance/test_query_benchmarks.py::TestQueryBenchmarks::test_dashboard_transfers_query_performance PASSED [ 66%]
dev/QA/Backend/Performance/test_query_benchmarks.py::TestQueryBenchmarks::test_approval_stats_query_performance PASSED [ 83%]
dev/QA/Backend/Performance/test_query_benchmarks.py::TestQueryBenchmarks::test_index_effectiveness PASSED [100%]

================================== FAILURES ===================================
___________ TestQueryBenchmarks.test_leaderboard_query_performance ____________
dev\QA\Backend\Performance\test_query_benchmarks.py:89: in test_leaderboard_query_performance
    entries = scorer.get_leaderboard("daily", limit=50)
              ^^^^^^^^^^^^^^^^^^^^^^
E   AttributeError: 'EfficiencyScorer' object has no attribute 'get_leaderboard'. Did you mean: 'update_leaderboard'?
============================== warnings summary ===============================
..\..\Users\Sergey\AppData\Local\Python\pythoncore-3.14-64\Lib\site-packages\_pytest\config\__init__.py:1428
  C:\Users\Sergey\AppData\Local\Python\pythoncore-3.14-64\Lib\site-packages\_pytest\config\__init__.py:1428: PytestConfigWarning: Unknown config option: asyncio_mode
  
    self._warn_or_fail_if_strict(f"Unknown config option: {key}\n")

..\..\Users\Sergey\AppData\Local\Python\pythoncore-3.14-64\Lib\site-packages\litellm\litellm_core_utils\logging_utils.py:273: 15 warnings
  C:\Users\Sergey\AppData\Local\Python\pythoncore-3.14-64\Lib\site-packages\litellm\litellm_core_utils\logging_utils.py:273: DeprecationWarning: 'asyncio.iscoroutinefunction' is deprecated and slated for removal in Python 3.16; use inspect.iscoroutinefunction() instead
    if asyncio.iscoroutinefunction(func):

-- Docs: https://docs.pytest.org/en/stable/how-to/capture-warnings.html
=========================== short test summary info ===========================
FAILED dev/QA/Backend/Performance/test_query_benchmarks.py::TestQueryBenchmarks::test_leaderboard_query_performance - AttributeError: 'EfficiencyScorer' object has no attribute 'get_leaderboard'. Did you mean: 'update_leaderboard'?
================== 1 failed, 5 passed, 16 warnings in 6.15s ===================
